build/app/intermediates/manifest_merge_blame_file/release/manifest-merger-blame-release-report.txt
1<?xml version="1.0" encoding="utf-8"?>
2<manifest xmlns:android="http://schemas.android.com/apk/res/android"
3    package="com.example.todo_app_new"
4    android:versionCode="1"
5    android:versionName="1.0.0" >
6
7    <uses-sdk
8        android:minSdkVersion="16"
8-->src\main\AndroidManifest.xml
9        android:targetSdkVersion="30" />
9-->src\main\AndroidManifest.xml
10
11    <uses-permission android:name="android.permission.RECEIVE_BOOT_COMPLETED" />
11-->src\main\AndroidManifest.xml:58:5-80
11-->src\main\AndroidManifest.xml:58:22-78
12    <uses-permission android:name="android.permission.VIBRATE" />
12-->src\main\AndroidManifest.xml:59:5-66
12-->src\main\AndroidManifest.xml:59:22-63
13    <uses-permission android:name="android.permission.USE_FULL_SCREEN_INTENT" />
13-->[:flutter_local_notifications] AndroidManifest.xml:9:5-81
13-->[:flutter_local_notifications] AndroidManifest.xml:9:22-78
14
15    <application
15-->src\main\AndroidManifest.xml:5:4-57:19
16        android:appComponentFactory="androidx.core.app.CoreComponentFactory"
16-->[androidx.core:core:1.3.0] AndroidManifest.xml:24:18-86
17        android:icon="@mipmap/ic_launcher"
17-->src\main\AndroidManifest.xml:7:9-43
18        android:label="todo_app_new" >
18-->src\main\AndroidManifest.xml:6:9-37
19        <activity
19-->src\main\AndroidManifest.xml:10:9-45:20
20            android:name="com.example.todo_app_new.MainActivity"
20-->src\main\AndroidManifest.xml:11:13-41
21            android:configChanges="orientation|keyboardHidden|keyboard|screenSize|smallestScreenSize|locale|layoutDirection|fontScale|screenLayout|density|uiMode"
21-->src\main\AndroidManifest.xml:14:13-163
22            android:hardwareAccelerated="true"
22-->src\main\AndroidManifest.xml:15:13-47
23            android:launchMode="singleTop"
23-->src\main\AndroidManifest.xml:12:13-43
24            android:theme="@style/LaunchTheme"
24-->src\main\AndroidManifest.xml:13:13-47
25            android:windowSoftInputMode="adjustResize" >
25-->src\main\AndroidManifest.xml:16:13-55
26
27            <!--
28                 Specifies an Android theme to apply to this Activity as soon as
29                 the Android process has started. This theme is visible to the user
30                 while the Flutter UI initializes. After that, this theme continues
31                 to determine the Window background behind the Flutter UI.
32            -->
33            <meta-data
33-->src\main\AndroidManifest.xml:21:13-24:17
34                android:name="io.flutter.embedding.android.NormalTheme"
34-->src\main\AndroidManifest.xml:22:15-70
35                android:resource="@style/NormalTheme" />
35-->src\main\AndroidManifest.xml:23:15-52
36            <meta-data
36-->src\main\AndroidManifest.xml:25:13-27:57
37                android:name="com.example.default_notification_icon"
37-->src\main\AndroidManifest.xml:26:17-69
38                android:resource="@drawable/app_icon" />
38-->src\main\AndroidManifest.xml:27:17-54
39            <meta-data
39-->src\main\AndroidManifest.xml:28:13-30:59
40                android:name="com.example.default_notification_color"
40-->src\main\AndroidManifest.xml:29:17-70
41                android:resource="@android:color/black" />
41-->src\main\AndroidManifest.xml:30:17-56
42
43            <!--
44                 Displays an Android View that continues showing the launch screen
45                 Drawable until Flutter paints its first frame, then this splash
46                 screen fades out. A splash screen is useful to avoid any visual
47                 gap between the end of Android's launch screen and the painting of
48                 Flutter's first frame.
49            -->
50            <meta-data
50-->src\main\AndroidManifest.xml:37:13-40:17
51                android:name="io.flutter.embedding.android.SplashScreenDrawable"
51-->src\main\AndroidManifest.xml:38:15-79
52                android:resource="@drawable/launch_background" />
52-->src\main\AndroidManifest.xml:39:15-61
53
54            <intent-filter>
54-->src\main\AndroidManifest.xml:41:13-44:29
55                <action android:name="android.intent.action.MAIN" />
55-->src\main\AndroidManifest.xml:42:17-68
55-->src\main\AndroidManifest.xml:42:25-66
56
57                <category android:name="android.intent.category.LAUNCHER" />
57-->src\main\AndroidManifest.xml:43:17-76
57-->src\main\AndroidManifest.xml:43:27-74
58            </intent-filter>
59        </activity>
60        <!--
61             Don't delete the meta-data below.
62             This is used by the Flutter tool to generate GeneratedPluginRegistrant.java
63        -->
64        <meta-data
64-->src\main\AndroidManifest.xml:48:9-50:33
65            android:name="flutterEmbedding"
65-->src\main\AndroidManifest.xml:49:13-44
66            android:value="2" />
66-->src\main\AndroidManifest.xml:50:13-30
67
68        <receiver android:name="com.dexterous.flutterlocalnotifications.ScheduledNotificationBootReceiver" >
68-->src\main\AndroidManifest.xml:51:8-55:19
68-->src\main\AndroidManifest.xml:51:18-106
69            <intent-filter>
69-->src\main\AndroidManifest.xml:52:12-54:28
70                <action android:name="android.intent.action.BOOT_COMPLETED" />
70-->src\main\AndroidManifest.xml:53:16-85
70-->src\main\AndroidManifest.xml:53:24-75
71            </intent-filter>
72            <intent-filter>
72-->[:flutter_local_notifications] AndroidManifest.xml:14:13-19:29
73                <action android:name="android.intent.action.BOOT_COMPLETED" />
73-->src\main\AndroidManifest.xml:53:16-85
73-->src\main\AndroidManifest.xml:53:24-75
74                <action android:name="android.intent.action.MY_PACKAGE_REPLACED" />
74-->[:flutter_local_notifications] AndroidManifest.xml:16:17-84
74-->[:flutter_local_notifications] AndroidManifest.xml:16:25-81
75                <action android:name="android.intent.action.QUICKBOOT_POWERON" />
75-->[:flutter_local_notifications] AndroidManifest.xml:17:17-82
75-->[:flutter_local_notifications] AndroidManifest.xml:17:25-79
76                <action android:name="com.htc.intent.action.QUICKBOOT_POWERON" />
76-->[:flutter_local_notifications] AndroidManifest.xml:18:17-82
76-->[:flutter_local_notifications] AndroidManifest.xml:18:25-79
77            </intent-filter>
78        </receiver>
79        <receiver android:name="com.dexterous.flutterlocalnotifications.ScheduledNotificationReceiver" />
79-->src\main\AndroidManifest.xml:56:8-105
79-->src\main\AndroidManifest.xml:56:18-102
80    </application>
81
82</manifest>